<?xml version="1.0" encoding="UTF-8"?>
<testng-results ignored="0" total="2" passed="2" failed="0" skipped="0">
  <reporter-output>
  </reporter-output>
  <suite started-at="2023-01-19T15:45:51 ICT" name="Suite" finished-at="2023-01-19T15:46:36 ICT" duration-ms="45400">
    <groups>
    </groups>
    <test started-at="2023-01-19T15:45:51 ICT" name="Test" finished-at="2023-01-19T15:46:36 ICT" duration-ms="45400">
      <class name="testOrangeHRM.TestClass2ORHM">
        <test-method is-config="true" signature="launchORHMApp()[pri:0, instance:testOrangeHRM.TestClass2ORHM@8dbdac1]" started-at="2023-01-19T15:46:10 ICT" name="launchORHMApp" finished-at="2023-01-19T15:46:16 ICT" duration-ms="6193" status="PASS">
          <reporter-output>
          </reporter-output>
        </test-method> <!-- launchORHMApp -->
        <test-method is-config="true" signature="loginToORHM()[pri:0, instance:testOrangeHRM.TestClass2ORHM@8dbdac1]" started-at="2023-01-19T15:46:16 ICT" name="loginToORHM" finished-at="2023-01-19T15:46:18 ICT" duration-ms="2191" status="PASS">
          <reporter-output>
          </reporter-output>
        </test-method> <!-- loginToORHM -->
        <test-method signature="VerifyAddPayGrades()[pri:0, instance:testOrangeHRM.TestClass2ORHM@8dbdac1]" started-at="2023-01-19T15:46:18 ICT" name="VerifyAddPayGrades" finished-at="2023-01-19T15:46:34 ICT" duration-ms="15067" status="PASS">
          <reporter-output>
          </reporter-output>
        </test-method> <!-- VerifyAddPayGrades -->
        <test-method is-config="true" signature="logoutORHM()[pri:0, instance:testOrangeHRM.TestClass2ORHM@8dbdac1]" started-at="2023-01-19T15:46:34 ICT" name="logoutORHM" finished-at="2023-01-19T15:46:35 ICT" duration-ms="1196" status="PASS">
          <reporter-output>
          </reporter-output>
        </test-method> <!-- logoutORHM -->
        <test-method is-config="true" signature="closeChromeBrowser()[pri:0, instance:testOrangeHRM.TestClass2ORHM@8dbdac1]" started-at="2023-01-19T15:46:35 ICT" name="closeChromeBrowser" finished-at="2023-01-19T15:46:36 ICT" duration-ms="1217" status="PASS">
          <reporter-output>
          </reporter-output>
        </test-method> <!-- closeChromeBrowser -->
      </class> <!-- testOrangeHRM.TestClass2ORHM -->
      <class name="testOrangeHRM.TestClassORHM">
        <test-method is-config="true" signature="launchORHMApp()[pri:0, instance:testOrangeHRM.TestClassORHM@6c80d78a]" started-at="2023-01-19T15:45:51 ICT" name="launchORHMApp" finished-at="2023-01-19T15:46:00 ICT" duration-ms="9020" status="PASS">
          <reporter-output>
          </reporter-output>
        </test-method> <!-- launchORHMApp -->
        <test-method is-config="true" signature="loginToORHM()[pri:0, instance:testOrangeHRM.TestClassORHM@6c80d78a]" started-at="2023-01-19T15:46:00 ICT" name="loginToORHM" finished-at="2023-01-19T15:46:02 ICT" duration-ms="2327" status="PASS">
          <reporter-output>
          </reporter-output>
        </test-method> <!-- loginToORHM -->
        <test-method signature="VerifySerchWithPartialText()[pri:0, instance:testOrangeHRM.TestClassORHM@6c80d78a]" started-at="2023-01-19T15:46:02 ICT" name="VerifySerchWithPartialText" finished-at="2023-01-19T15:46:08 ICT" duration-ms="6111" status="PASS">
          <reporter-output>
          </reporter-output>
        </test-method> <!-- VerifySerchWithPartialText -->
        <test-method is-config="true" signature="logoutORHM()[pri:0, instance:testOrangeHRM.TestClassORHM@6c80d78a]" started-at="2023-01-19T15:46:08 ICT" name="logoutORHM" finished-at="2023-01-19T15:46:10 ICT" duration-ms="1670" status="PASS">
          <reporter-output>
          </reporter-output>
        </test-method> <!-- logoutORHM -->
        <test-method is-config="true" signature="closeChromeBrowser()[pri:0, instance:testOrangeHRM.TestClassORHM@6c80d78a]" started-at="2023-01-19T15:46:10 ICT" name="closeChromeBrowser" finished-at="2023-01-19T15:46:10 ICT" duration-ms="318" status="PASS">
          <reporter-output>
          </reporter-output>
        </test-method> <!-- closeChromeBrowser -->
      </class> <!-- testOrangeHRM.TestClassORHM -->
    </test> <!-- Test -->
  </suite> <!-- Suite -->
</testng-results>
