<?xml version="1.0" encoding="UTF-8"?>
<testng-results ignored="0" total="1" passed="1" failed="0" skipped="0">
  <reporter-output>
  </reporter-output>
  <suite started-at="2023-01-19T10:32:10 ICT" name="Default suite" finished-at="2023-01-19T10:32:30 ICT" duration-ms="20354">
    <groups>
    </groups>
    <test started-at="2023-01-19T10:32:10 ICT" name="Default test" finished-at="2023-01-19T10:32:30 ICT" duration-ms="20354">
      <class name="testOrangeHRM.TestClassORHM">
        <test-method is-config="true" signature="launchORHMApp()[pri:0, instance:testOrangeHRM.TestClassORHM@14dd9eb7]" started-at="2023-01-19T10:32:10 ICT" name="launchORHMApp" finished-at="2023-01-19T10:32:20 ICT" duration-ms="9724" status="PASS">
          <reporter-output>
          </reporter-output>
        </test-method> <!-- launchORHMApp -->
        <test-method is-config="true" signature="loginToORHM()[pri:0, instance:testOrangeHRM.TestClassORHM@14dd9eb7]" started-at="2023-01-19T10:32:20 ICT" name="loginToORHM" finished-at="2023-01-19T10:32:22 ICT" duration-ms="2667" status="PASS">
          <reporter-output>
          </reporter-output>
        </test-method> <!-- loginToORHM -->
        <test-method signature="VerifySerchWithPartialText()[pri:0, instance:testOrangeHRM.TestClassORHM@14dd9eb7]" started-at="2023-01-19T10:32:22 ICT" name="VerifySerchWithPartialText" finished-at="2023-01-19T10:32:28 ICT" duration-ms="5643" status="PASS">
          <reporter-output>
          </reporter-output>
        </test-method> <!-- VerifySerchWithPartialText -->
        <test-method is-config="true" signature="logoutORHM()[pri:0, instance:testOrangeHRM.TestClassORHM@14dd9eb7]" started-at="2023-01-19T10:32:28 ICT" name="logoutORHM" finished-at="2023-01-19T10:32:30 ICT" duration-ms="1910" status="PASS">
          <reporter-output>
          </reporter-output>
        </test-method> <!-- logoutORHM -->
        <test-method is-config="true" signature="closeChromeBrowser()[pri:0, instance:testOrangeHRM.TestClassORHM@14dd9eb7]" started-at="2023-01-19T10:32:30 ICT" name="closeChromeBrowser" finished-at="2023-01-19T10:32:30 ICT" duration-ms="320" status="PASS">
          <reporter-output>
          </reporter-output>
        </test-method> <!-- closeChromeBrowser -->
      </class> <!-- testOrangeHRM.TestClassORHM -->
    </test> <!-- Default test -->
  </suite> <!-- Default suite -->
</testng-results>
